{
  "RSpec": {
    "coverage": {
      "/Users/droffix/projects/github.com/droff/money_transfer/app/models/account.rb": {
        "lines": [
          1,
          1,
          1,
          null,
          1,
          6,
          null,
          null,
          1,
          9,
          6,
          null,
          null
        ]
      },
      "/Users/droffix/projects/github.com/droff/money_transfer/app/models/application_record.rb": {
        "lines": [
          1,
          1,
          null
        ]
      },
      "/Users/droffix/projects/github.com/droff/money_transfer/spec/requests/api/v1/accounts_spec.rb": {
        "lines": [
          1,
          null,
          1,
          10,
          10,
          8,
          8,
          null,
          1,
          1,
          1,
          null,
          1,
          1,
          null,
          null,
          null,
          null,
          null,
          1,
          2,
          null,
          1,
          1,
          null,
          1,
          1,
          1,
          null,
          null,
          null,
          null,
          null,
          null,
          null,
          null,
          1,
          3,
          1,
          1,
          null,
          1,
          1,
          1,
          null,
          null,
          null,
          null,
          null,
          null,
          null,
          1,
          1,
          1,
          null,
          1,
          1,
          1,
          null,
          null,
          null,
          null,
          null,
          1,
          3,
          3,
          null,
          1,
          1,
          1,
          null,
          1,
          1,
          null,
          null,
          null,
          null,
          null,
          null,
          1,
          1,
          1,
          null,
          1,
          1,
          null,
          null,
          null,
          null,
          null,
          1,
          3,
          3,
          3,
          null,
          1,
          2,
          null,
          null,
          null,
          null,
          1,
          1,
          null,
          1,
          1,
          null,
          null,
          null,
          null,
          null,
          1,
          1,
          null,
          1,
          1,
          null,
          null,
          null,
          null,
          null,
          1,
          3,
          3,
          3,
          null,
          1,
          2,
          2,
          null,
          null,
          null,
          null,
          1,
          1,
          null,
          1,
          1,
          null,
          null,
          null,
          null,
          null,
          1,
          1,
          null,
          1,
          1,
          null,
          null,
          null,
          null,
          null
        ]
      },
      "/Users/droffix/projects/github.com/droff/money_transfer/spec/services/whop/bank_spec.rb": {
        "lines": [
          1,
          null,
          1,
          1,
          5,
          5,
          2,
          null,
          1,
          1,
          null,
          null,
          null,
          null,
          null,
          1,
          1,
          null,
          null,
          1,
          1,
          1,
          null,
          null,
          null,
          null,
          null,
          null,
          null,
          1,
          1,
          1,
          null,
          null,
          null,
          null,
          null,
          null,
          null,
          1,
          1,
          1,
          null,
          null,
          null,
          null,
          null,
          null,
          null,
          1,
          1,
          1,
          null,
          null,
          null,
          null,
          null,
          null,
          null,
          null,
          1,
          4,
          3,
          3,
          3,
          null,
          1,
          1,
          null,
          null,
          null,
          1,
          null,
          1,
          1,
          null,
          null,
          1,
          1,
          1,
          null,
          null,
          1,
          null,
          null,
          1,
          1,
          null,
          null,
          null,
          1,
          null,
          1,
          1,
          null,
          null,
          null,
          1,
          4,
          3,
          3,
          3,
          null,
          1,
          1,
          null,
          null,
          null,
          1,
          null,
          1,
          1,
          null,
          null,
          1,
          1,
          1,
          null,
          null,
          1,
          null,
          null,
          1,
          1,
          null,
          null,
          null,
          1,
          null,
          1,
          1,
          null,
          null,
          null
        ]
      },
      "/Users/droffix/projects/github.com/droff/money_transfer/app/services/whop/bank.rb": {
        "lines": [
          1,
          null,
          1,
          null,
          null,
          null,
          null,
          1,
          null,
          null,
          1,
          1,
          7,
          3,
          null,
          null,
          4,
          4,
          2,
          null,
          null,
          null,
          1,
          5,
          5,
          null,
          3,
          3,
          2,
          null,
          null,
          null,
          1,
          5,
          5,
          null,
          3,
          3,
          2,
          null,
          null,
          null,
          null
        ]
      },
      "/Users/droffix/projects/github.com/droff/money_transfer/spec/services/whop/client_spec.rb": {
        "lines": [
          1,
          null,
          1,
          5,
          null,
          3,
          3,
          3,
          3,
          3,
          5,
          null,
          1,
          3,
          null,
          1,
          1,
          null,
          1,
          1,
          null,
          null,
          1,
          1,
          null,
          1,
          1,
          null,
          null,
          null,
          1,
          3,
          null,
          1,
          1,
          null,
          1,
          1,
          null,
          null,
          1,
          1,
          null,
          1,
          1,
          null,
          null,
          null
        ]
      },
      "/Users/droffix/projects/github.com/droff/money_transfer/app/services/whop/client.rb": {
        "lines": [
          1,
          1,
          null,
          1,
          null,
          null,
          1,
          1,
          10,
          null,
          null,
          null,
          1,
          5,
          5,
          3,
          null,
          2,
          null,
          null,
          1,
          5,
          5,
          3,
          null,
          2,
          null,
          null,
          1,
          null,
          1,
          10,
          null,
          null
        ]
      },
      "/Users/droffix/projects/github.com/droff/money_transfer/app/services/whop/errors.rb": {
        "lines": [
          1,
          1,
          1,
          1,
          1,
          null
        ]
      },
      "/Users/droffix/projects/github.com/droff/money_transfer/app/controllers/api_controller.rb": {
        "lines": [
          1,
          1,
          null,
          1,
          null,
          1,
          null,
          1,
          18,
          null,
          null,
          1,
          8,
          1,
          null,
          null,
          null,
          1,
          8,
          null,
          null,
          1,
          4,
          null,
          null
        ]
      },
      "/Users/droffix/projects/github.com/droff/money_transfer/app/controllers/application_controller.rb": {
        "lines": [
          1,
          1,
          null
        ]
      },
      "/Users/droffix/projects/github.com/droff/money_transfer/config/routes.rb": {
        "lines": [
          1,
          1,
          null,
          1,
          1,
          1,
          1,
          1,
          null
        ]
      },
      "/Users/droffix/projects/github.com/droff/money_transfer/app/controllers/api/v1/accounts_controller.rb": {
        "lines": [
          1,
          1,
          null,
          1,
          1,
          null,
          null,
          1,
          2,
          null,
          2,
          1,
          null,
          1,
          null,
          null,
          null,
          1,
          2,
          2,
          null,
          2,
          null,
          1,
          null,
          null,
          null,
          null,
          null,
          1,
          null,
          null,
          1,
          2,
          null,
          1,
          null,
          1,
          null,
          null,
          1,
          2,
          null,
          1,
          null,
          1,
          null,
          null,
          1,
          null,
          1,
          2,
          null,
          null,
          1,
          6,
          null,
          null
        ]
      },
      "/Users/droffix/projects/github.com/droff/money_transfer/app/serializers/account_serializer.rb": {
        "lines": [
          1,
          1,
          null
        ]
      }
    },
    "timestamp": 1732921170
  }
}
